<?xml version="1.0" encoding="UTF-8"?>
<testsuite xmlns:xsi="http://www.w3.org/2001/XMLSchema-instance" xsi:noNamespaceSchemaLocation="https://maven.apache.org/surefire/maven-surefire-plugin/xsd/surefire-test-report-3.0.xsd" version="3.0" name="com.example.imageservice.imageprocessing.GMServiceTest" time="0.449" tests="1" errors="0" skipped="0" failures="0">
  <properties>
[...]
</properties>
  <testcase name="testGMServiceInitialization" classname="com.example.imageservice.imageprocessing.GMServiceTest" time="0.025">
    <system-out><![CDATA[  .   ____          _            __ _ _
 /\\ / ___'_ __ _ _(_)_ __  __ _ \ \ \ \
( ( )\___ | '_ | '_| | '_ \/ _` | \ \ \ \
 \\/  ___)| |_)| | | | | || (_| |  ) ) ) )
  '  |____| .__|_| |_|_| |_\__, | / / / /
 =========|_|==============|___/=/_/_/_/

 :: Spring Boot ::                (v3.3.0)

2025-09-28T18:01:03.145+09:00  INFO 29007 --- [image-service-test] [           main] c.e.i.imageprocessing.GMServiceTest      : Starting GMServiceTest using Java 17.0.16 with PID 29007 (started by ghchen in /Users/ghchen/IdeaProjects/image-service)
2025-09-28T18:01:03.147+09:00  INFO 29007 --- [image-service-test] [           main] c.e.i.imageprocessing.GMServiceTest      : No active profile set, falling back to 1 default profile: "default"
2025-09-28T18:01:03.392+09:00  INFO 29007 --- [image-service-test] [           main] c.e.i.i.Gm4JavaBatchCommand              : GM service initialized with pool size: 0
2025-09-28T18:01:03.398+09:00  INFO 29007 --- [image-service-test] [           main] c.e.i.imageprocessing.GMServiceTest      : Started GMServiceTest in 0.381 seconds (process running for 7.241)
]]></system-out>
  </testcase>
</testsuite>